<?xml version="1.0" encoding="UTF-8"?>
<testng-results ignored="0" total="1" passed="1" failed="0" skipped="0">
  <reporter-output>
  </reporter-output>
  <suite started-at="2024-01-07T08:57:53 EST" name="Default suite" finished-at="2024-01-07T08:57:53 EST" duration-ms="104">
    <groups>
    </groups>
    <test started-at="2024-01-07T08:57:53 EST" name="Default test" finished-at="2024-01-07T08:57:53 EST" duration-ms="104">
      <class name="testingdemo.TestngDemo">
        <test-method signature="demo()[pri:0, instance:testingdemo.TestngDemo@7bab3f1a]" started-at="2024-01-07T08:57:53 EST" name="demo" finished-at="2024-01-07T08:57:53 EST" duration-ms="16" status="PASS">
          <reporter-output>
          </reporter-output>
        </test-method> <!-- demo -->
      </class> <!-- testingdemo.TestngDemo -->
    </test> <!-- Default test -->
  </suite> <!-- Default suite -->
</testng-results>
